Arguments: 
  C:\Program Files\nodejs\node.exe C:\Users\Jardson Costa\AppData\Roaming\npm\node_modules\yarn\bin\yarn.js init

PATH: 
  C:\Ruby31-x64\bin;C:\Program Files\Python310\Scripts\;C:\Program Files\Python310\;C:\ffmpeg\bin;C:\Program Files\Java\jdk-16.0.1\bin;C:\Program Files\Common Files\Oracle\Java\javapath;C:\Program Files (x86)\Common Files\Oracle\Java\javapath;C:\WINDOWS\system32;C:\WINDOWS;C:\WINDOWS\System32\Wbem;C:\WINDOWS\System32\WindowsPowerShell\v1.0\;C:\WINDOWS\System32\OpenSSH\;C:\Program Files\Java\jdk-15.0.1\bin;%DATABASE_URL%;C:\ProgramData\UNIVALI\Portugol Studio;C:\wamp64\bin\php\php7.4.9;C:\composer;C:\wamp64\bin\mysql\mysql5.7.31\bin;C:\Program Files\nodejs\;C:\Users\Jardson Costa\AppData\Local\Microsoft\WindowsApps;C:\Users\Jardson Costa\AppData\Local\Programs\Microsoft VS Code\bin;C:\Program Files\heroku\bin;C:\Users\Jardson Costa\AppData\Roaming\Composer\vendor\bin;C:\Users\Jardson Costa\AppData\Roaming\npm;C:\Program Files\JetBrains\IntelliJ IDEA 2021.3.1\bin;C:\Program Files\Git\cmd;C:\WINDOWS\system32;C:\WINDOWS;C:\WINDOWS\System32\Wbem;C:\WINDOWS\System32\WindowsPowerShell\v1.0\;C:\WINDOWS\System32\OpenSSH\;C:\Program Files\CMake\bin;C:\opencv\build\x64\vc15\bin;C:\msys64\usr\bin;C:\Bazel\bin;C:\Program Files (x86)\Windows Kits\10\Windows Performance Toolkit\;C:\apktool;C:\Android\sdk\platform-tools;C:\Progra~1\Java\jdk-16.0.1\bin;C:\Users\Jardson Costa\AppData\Local\Microsoft\WindowsApps;C:\Users\Jardson Costa\AppData\Local\Programs\Microsoft VS Code\bin;C:\Program Files\heroku\bin;C:\Users\Jardson Costa\AppData\Roaming\Composer\vendor\bin;C:\Users\Jardson Costa\AppData\Roaming\npm;C:\Program Files\JetBrains\IntelliJ IDEA 2021.3.1\bin;C:\Program Files\CMake\bin;C:\msys64\usr\bin;C:\Bazel\bin;C:\apktool;C:\Program Files\JetBrains\PyCharm 2022.2.1\bin;C:\Android\sdk\platform-tools;C:\Users\Jardson Costa\AppData\Local\JetBrains\Toolbox\scripts;

Yarn version: 
  1.22.19

Node version: 
  14.18.0

Platform: 
  win32 x64

Trace: 
  Error: canceled
      at Interface.<anonymous> (C:\Users\Jardson Costa\AppData\Roaming\npm\node_modules\yarn\lib\cli.js:137150:13)
      at Interface.emit (events.js:400:28)
      at Interface._ttyWrite (readline.js:1001:16)
      at ReadStream.onkeypress (readline.js:265:10)
      at ReadStream.emit (events.js:400:28)
      at emitKeys (internal/readline/utils.js:358:14)
      at emitKeys.next (<anonymous>)
      at ReadStream.onData (readline.js:1270:36)
      at ReadStream.emit (events.js:400:28)
      at addChunk (internal/streams/readable.js:293:12)

npm manifest: 
  No manifest

yarn manifest: 
  No manifest

Lockfile: 
  # THIS IS AN AUTOGENERATED FILE. DO NOT EDIT THIS FILE DIRECTLY.
  # yarn lockfile v1
